[INFO] Scanning for projects...
[INFO] 
[INFO] -------------------------< com.resonate:core >--------------------------
[INFO] Building core 1.0.0-SNAPSHOT
[INFO]   from pom.xml
[INFO] --------------------------------[ jar ]---------------------------------
[INFO] 
[INFO] --- clean:3.2.0:clean (default-clean) @ core ---
[INFO] Deleting C:\ADA\ESE\project\core\core\target
[INFO] 
[INFO] --- jacoco:0.8.12:prepare-agent (prepare-agent) @ core ---
[INFO] argLine set to -javaagent:C:\\Users\\user\\.m2\\repository\\org\\jacoco\\org.jacoco.agent\\0.8.12\\org.jacoco.agent-0.8.12-runtime.jar=destfile=C:\\ADA\\ESE\\project\\core\\core\\target\\jacoco.exec
[INFO] 
[INFO] --- resources:3.3.1:resources (default-resources) @ core ---
[INFO] Copying 5 resources from src\main\resources to target\classes
[INFO] 
[INFO] --- quarkus:3.19.3:generate-code (default) @ core ---
[INFO] 
[INFO] --- compiler:3.13.0:compile (default-compile) @ core ---
[INFO] Recompiling the module because of changed source code.
[INFO] Compiling 16 source files with javac [debug parameters release 21] to target\classes
[INFO] Annotation processing is enabled because one or more processors were found
  on the class path. A future release of javac may disable annotation processing
  unless at least one processor is specified by name (-processor), or a search
  path is specified (--processor-path, --processor-module-path), or annotation
  processing is enabled explicitly (-proc:only, -proc:full).
  Use -Xlint:-options to suppress this message.
  Use -proc:none to disable annotation processing.
[INFO] 
[INFO] --- quarkus:3.19.3:generate-code-tests (default) @ core ---
[INFO] 
[INFO] --- resources:3.3.1:testResources (default-testResources) @ core ---
[INFO] Copying 1 resource from src\test\resources to target\test-classes
[INFO] 
[INFO] --- compiler:3.13.0:testCompile (default-testCompile) @ core ---
[INFO] Recompiling the module because of changed dependency.
[INFO] Compiling 8 source files with javac [debug parameters release 21] to target\test-classes
[INFO] Annotation processing is enabled because one or more processors were found
  on the class path. A future release of javac may disable annotation processing
  unless at least one processor is specified by name (-processor), or a search
  path is specified (--processor-path, --processor-module-path), or annotation
  processing is enabled explicitly (-proc:only, -proc:full).
  Use -Xlint:-options to suppress this message.
  Use -proc:none to disable annotation processing.
[INFO] -------------------------------------------------------------
[ERROR] COMPILATION ERROR : 
[INFO] -------------------------------------------------------------
[ERROR] /C:/ADA/ESE/project/core/core/src/test/java/com/resonate/domain/model/ReleaseTest.java:[11,26] package org.mockito does not exist
[ERROR] /C:/ADA/ESE/project/core/core/src/test/java/com/resonate/domain/model/ReleaseTest.java:[11,1] static import only from classes and interfaces
[ERROR] /C:/ADA/ESE/project/core/core/src/test/java/com/resonate/domain/model/TrackTest.java:[8,26] package org.mockito does not exist
[ERROR] /C:/ADA/ESE/project/core/core/src/test/java/com/resonate/domain/model/TrackTest.java:[8,1] static import only from classes and interfaces
[INFO] 4 errors 
[INFO] -------------------------------------------------------------
[INFO] ------------------------------------------------------------------------
[INFO] BUILD FAILURE
[INFO] ------------------------------------------------------------------------
[INFO] Total time:  53.970 s
[INFO] Finished at: 2025-03-31T13:16:28+01:00
[INFO] ------------------------------------------------------------------------
[ERROR] Failed to execute goal org.apache.maven.plugins:maven-compiler-plugin:3.13.0:testCompile (default-testCompile) on project core: Compilation failure: Compilation failure: 
[ERROR] /C:/ADA/ESE/project/core/core/src/test/java/com/resonate/domain/model/ReleaseTest.java:[11,26] package org.mockito does not exist
[ERROR] /C:/ADA/ESE/project/core/core/src/test/java/com/resonate/domain/model/ReleaseTest.java:[11,1] static import only from classes and interfaces
[ERROR] /C:/ADA/ESE/project/core/core/src/test/java/com/resonate/domain/model/TrackTest.java:[8,26] package org.mockito does not exist
[ERROR] /C:/ADA/ESE/project/core/core/src/test/java/com/resonate/domain/model/TrackTest.java:[8,1] static import only from classes and interfaces
[ERROR] -> [Help 1]
[ERROR] 
[ERROR] To see the full stack trace of the errors, re-run Maven with the -e switch.
[ERROR] Re-run Maven using the -X switch to enable full debug logging.
[ERROR] 
[ERROR] For more information about the errors and possible solutions, please read the following articles:
[ERROR] [Help 1] http://cwiki.apache.org/confluence/display/MAVEN/MojoFailureException
